<?xml version="1.0" encoding="UTF-8"?>
<!-- Generated by org.testng.reporters.JUnitReportReporter -->
<testsuite hostname="LAPTOP-A5L18TR1" failures="0" tests="1" name="com.qa.testscripts.TestAcademicMembership" time="2.824" errors="0" timestamp="2023-03-04T12:52:54 IST" skipped="0">
  <testcase classname="com.qa.testscripts.TestAcademicMembership" name="renewMembership" time="2.824"/>
  <system-out/>
</testsuite> <!-- com.qa.testscripts.TestAcademicMembership -->
