<?xml version="1.0" encoding="UTF-8"?>
<!-- Generated by org.testng.reporters.JUnitReportReporter -->
<testsuite hostname="LAPTOP-A5L18TR1" failures="0" tests="2" name="com.qa.testscripts.TestCoursesSearchbox" time="1.221" errors="0" timestamp="2023-02-27T16:20:49 IST" skipped="0">
  <testcase classname="com.qa.testscripts.TestCoursesSearchbox" name="verifySearchButton" time="0.990"/>
  <system-out/>
  <testcase classname="com.qa.testscripts.TestCoursesSearchbox" name="verifySearchButtonInvalidData" time="0.231"/>
  <system-out/>
</testsuite> <!-- com.qa.testscripts.TestCoursesSearchbox -->
