<?xml version="1.0" encoding="UTF-8"?>
<!-- Generated by org.testng.reporters.JUnitReportReporter -->
<testsuite hostname="LAPTOP-A5L18TR1" failures="0" tests="1" name="com.qa.testscripts.TestCourses" time="2.733" errors="0" timestamp="2023-02-27T14:38:14 IST" skipped="0">
  <testcase classname="com.qa.testscripts.TestCourses" name="verifyMeanFullStack" time="2.733"/>
  <system-out/>
</testsuite> <!-- com.qa.testscripts.TestCourses -->
