<?xml version="1.0" encoding="UTF-8"?>
<!-- Generated by org.testng.reporters.JUnitReportReporter -->
<testsuite hostname="DESKTOP-JQLVGDP" failures="0" tests="7" name="com.qa.testscripts.Coursetestclass" time="123.698" errors="0" timestamp="2023-03-05T13:07:00 IST" skipped="0">
  <testcase classname="com.qa.testscripts.Coursetestclass" name="coursepageverification" time="18.071"/>
  <system-out/>
  <testcase classname="com.qa.testscripts.Coursetestclass" name="selectdatasciencepage" time="8.106"/>
  <system-out/>
  <testcase classname="com.qa.testscripts.Coursetestclass" name="searchverificationwithinvaliddata" time="15.291"/>
  <system-out/>
  <testcase classname="com.qa.testscripts.Coursetestclass" name="datasciencepageselection" time="4.226"/>
  <system-out/>
  <testcase classname="com.qa.testscripts.Coursetestclass" name="datsciencepageverification" time="3.341"/>
  <system-out/>
  <testcase classname="com.qa.testscripts.Coursetestclass" name="tabverificationofdatasciencepage" time="24.803"/>
  <system-out/>
  <testcase classname="com.qa.testscripts.Coursetestclass" name="verificationofmodelpagedownloads" time="49.860"/>
  <system-out/>
</testsuite> <!-- com.qa.testscripts.Coursetestclass -->
